[01:08:32] [main/INFO]: Environment: authHost='https://authserver.mojang.com', accountsHost='https://api.mojang.com', sessionHost='https://sessionserver.mojang.com', servicesHost='https://api.minecraftservices.com', name='PROD'
[01:08:32] [main/WARN]: Missing data pack mod:forge
[01:08:32] [main/WARN]: Missing data pack mod:worldedit
[01:08:32] [main/INFO]: Found new data pack file/bukkit, loading it automatically
[01:08:32] [main/INFO]: Reloading ResourceManager: Default, bukkit
[01:08:32] [Worker-Main-2/INFO]: Loaded 7 recipes
[01:08:33] [Server thread/INFO]: Starting minecraft server version 1.16.5
[01:08:33] [Server thread/INFO]: Loading properties
[01:08:33] [Server thread/INFO]: This server is running Paper version git-Paper-794 (MC: 1.16.5) (Implementing API version 1.16.5-R0.1-SNAPSHOT)
[01:08:33] [Server thread/INFO]: Debug logging is disabled
[01:08:33] [Server thread/INFO]: Server Ping Player Sample Count: 12
[01:08:33] [Server thread/INFO]: Using 4 threads for Netty based IO
[01:08:33] [Server thread/INFO]: Default game type: SURVIVAL
[01:08:33] [Server thread/INFO]: Generating keypair
[01:08:34] [Server thread/INFO]: Starting Minecraft server on *:25565
[01:08:34] [Server thread/INFO]: Using epoll channel type
[01:08:34] [Server thread/INFO]: [WorldEdit] Loading WorldEdit v7.2.16+6534-2066eb4
[01:08:34] [Server thread/INFO]: Got request to register class com.sk89q.worldedit.bukkit.BukkitServerInterface with WorldEdit [com.sk89q.worldedit.extension.platform.PlatformManager@5f6d8ad1]
[01:08:34] [Server thread/INFO]: Server permissions file permissions.yml is empty, ignoring it
[01:08:34] [Server thread/INFO]: [WorldEdit] Enabling WorldEdit v7.2.16+6534-2066eb4
[01:08:34] [Server thread/INFO]: Registering commands with com.sk89q.worldedit.bukkit.BukkitServerInterface
[01:08:35] [Server thread/INFO]: WEPIF: Using the Bukkit Permissions API.
[01:08:35] [Server thread/INFO]: Using com.sk89q.worldedit.bukkit.adapter.impl.Spigot_v1_16_R3 as the Bukkit adapter
[01:08:36] [Server thread/WARN]: **** SERVER IS RUNNING IN OFFLINE/INSECURE MODE!
[01:08:36] [Server thread/WARN]: The server will make no attempt to authenticate usernames. Beware.
[01:08:36] [Server thread/WARN]: While this makes the game possible to play without internet access, it also opens up the ability for hackers to connect with any username they choose.
[01:08:36] [Server thread/WARN]: To change this, set "online-mode" to "true" in the server.properties file.
[01:08:36] [Server thread/INFO]: Preparing level "world"
[01:08:36] [Server thread/INFO]: Preparing start region for dimension minecraft:overworld
[01:08:36] [Server thread/INFO]: Preparing spawn area: 0%
[01:08:36] [Worker-Main-2/INFO]: Preparing spawn area: 4%
[01:08:37] [Server thread/INFO]: Time elapsed: 691 ms
[01:08:37] [Server thread/INFO]: Preparing start region for dimension minecraft:the_end
[01:08:37] [Server thread/INFO]: Preparing spawn area: 0%
[01:08:37] [Server thread/INFO]: Time elapsed: 146 ms
[01:08:37] [Server thread/INFO]: Running delayed init tasks
[01:08:37] [Server thread/INFO]: Done (3.583s)! For help, type "help"
[01:08:37] [Server thread/WARN]: [io.papermc.paper.util.PaperJvmChecker] ************************************************************
[01:08:37] [Server thread/WARN]: [io.papermc.paper.util.PaperJvmChecker] * WARNING - YOU ARE RUNNING AN OUTDATED VERSION OF JAVA.
[01:08:37] [Server thread/WARN]: [io.papermc.paper.util.PaperJvmChecker] * PAPER WILL STOP BEING COMPATIBLE WITH THIS VERSION OF
[01:08:37] [Server thread/WARN]: [io.papermc.paper.util.PaperJvmChecker] * JAVA WHEN MINECRAFT 1.17 IS RELEASED.
[01:08:37] [Server thread/WARN]: [io.papermc.paper.util.PaperJvmChecker] *
[01:08:37] [Server thread/WARN]: [io.papermc.paper.util.PaperJvmChecker] * Please update the version of Java you use to run Paper
[01:08:37] [Server thread/WARN]: [io.papermc.paper.util.PaperJvmChecker] * to at least Java 16. When Paper for Minecraft 1.17 is
[01:08:37] [Server thread/WARN]: [io.papermc.paper.util.PaperJvmChecker] * released support for versions of Java before 16 will
[01:08:37] [Server thread/WARN]: [io.papermc.paper.util.PaperJvmChecker] * be dropped.
[01:08:37] [Server thread/WARN]: [io.papermc.paper.util.PaperJvmChecker] *
[01:08:37] [Server thread/WARN]: [io.papermc.paper.util.PaperJvmChecker] * Current Java version: 11.0.25
[01:08:37] [Server thread/WARN]: [io.papermc.paper.util.PaperJvmChecker] *
[01:08:37] [Server thread/WARN]: [io.papermc.paper.util.PaperJvmChecker] * Check this forum post for more information: 
[01:08:37] [Server thread/WARN]: [io.papermc.paper.util.PaperJvmChecker] *   https://papermc.io/java16
[01:08:37] [Server thread/WARN]: [io.papermc.paper.util.PaperJvmChecker] ************************************************************
[01:08:37] [Server thread/INFO]: Timings Reset
[01:17:18] [Server thread/INFO]: Unknown command. Type "/help" for help.
[01:17:21] [Server thread/INFO]: CONSOLE: Are you sure you wish to reload your server? Doing so may cause bugs and memory leaks. It is recommended to restart instead of using /reload. To confirm, please type /reload confirm
[01:17:29] [Server thread/INFO]: CONSOLE: Please note that this command is not supported and may cause issues when using some plugins.
[01:17:29] [Server thread/INFO]: CONSOLE: If you encounter any issues please use the /stop command to restart your server.
[01:17:29] [Server thread/INFO]: Debug logging is disabled
[01:17:29] [Server thread/INFO]: Server Ping Player Sample Count: 12
[01:17:29] [Server thread/INFO]: Using 4 threads for Netty based IO
[01:17:29] [Server thread/INFO]: [WorldEdit] Disabling WorldEdit v7.2.16+6534-2066eb4
[01:17:29] [Server thread/INFO]: Unregistering com.sk89q.worldedit.bukkit.BukkitServerInterface from WorldEdit
[01:17:29] [Server thread/INFO]: Reloading ResourceManager: Default, bukkit
[01:17:29] [Server thread/INFO]: Loaded 7 recipes
[01:17:30] [Server thread/INFO]: Reloading ResourceManager: Default, bukkit
[01:17:30] [Server thread/INFO]: Loaded 7 recipes
[01:17:30] [Server thread/INFO]: [WorldEdit] Loading WorldEdit v7.2.16+6534-2066eb4
[01:17:31] [Server thread/INFO]: Got request to register class com.sk89q.worldedit.bukkit.BukkitServerInterface with WorldEdit [com.sk89q.worldedit.extension.platform.PlatformManager@536aa414]
[01:17:31] [Server thread/INFO]: Server permissions file permissions.yml is empty, ignoring it
[01:17:31] [Server thread/INFO]: [WorldEdit] Enabling WorldEdit v7.2.16+6534-2066eb4
[01:17:31] [Server thread/INFO]: Registering commands with com.sk89q.worldedit.bukkit.BukkitServerInterface
[01:17:31] [Server thread/INFO]: WEPIF: Using the Bukkit Permissions API.
[01:17:31] [Server thread/WARN]: [WorldEdit] Server reload detected. This may cause various issues with WorldEdit and dependent plugins.
[01:17:31] [Server thread/INFO]: Using com.sk89q.worldedit.bukkit.adapter.impl.Spigot_v1_16_R3 as the Bukkit adapter
[01:17:32] [Server thread/INFO]: CONSOLE: Reload complete.
[01:17:32] [Server thread/INFO]: Timings Reset
